2024-12-12 23:55:55,043 - pyswarms.single.global_best - INFO - Optimize for 10 iters with {'c1': 0.5, 'c2': 0.3, 'w': 0.9}
2024-12-12 23:55:58,445 - pyswarms.single.global_best - INFO - Optimization finished | best cost: -0.9577898550724638, best pos: [89.86095114  3.18588578]
2024-12-17 02:02:30,635 - pyswarms.single.global_best - INFO - Optimize for 10 iters with {'c1': 0.5, 'c2': 0.3, 'w': 0.9}
2024-12-17 02:02:34,224 - pyswarms.single.global_best - INFO - Optimization finished | best cost: -0.9916666666666668, best pos: [7.17910423e+02 3.97931717e-02 1.33437660e+00 2.29024851e+00
 2.63356034e+00]
2024-12-17 15:31:50,168 - pyswarms.single.global_best - INFO - Optimize for 50 iters with {'c1': 0.5, 'c2': 0.3, 'w': 0.9}
2024-12-17 15:37:40,434 - pyswarms.single.global_best - INFO - Optimize for 50 iters with {'c1': 0.5, 'c2': 0.3, 'w': 0.9}
2024-12-18 23:18:49,544 - pyswarms.single.global_best - INFO - Optimize for 10 iters with {'c1': 0.5, 'c2': 0.3, 'w': 0.9}
2024-12-18 23:18:54,181 - pyswarms.single.global_best - INFO - Optimization finished | best cost: -0.9916666666666668, best pos: [403.20000546   0.95104766   3.43613329   2.74994622   2.22696851]
2024-12-19 01:43:47,084 - pyswarms.single.global_best - INFO - Optimize for 10 iters with {'c1': 0.5, 'c2': 0.3, 'w': 0.9}
2024-12-19 01:43:51,739 - pyswarms.single.global_best - INFO - Optimization finished | best cost: -0.9945833333333333, best pos: [103.65363847   0.81231137   6.28656107   3.61041001   0.68168732]
2024-12-19 01:55:27,643 - pyswarms.single.global_best - INFO - Optimize for 10 iters with {'c1': 0.5, 'c2': 0.3, 'w': 0.9}
2024-12-19 01:55:32,480 - pyswarms.single.global_best - INFO - Optimization finished | best cost: -0.9945833333333333, best pos: [5.24001436e+01 3.89604109e-02 4.65472461e+00 3.08080281e+00
 2.01927363e-01]
2024-12-19 02:08:14,459 - pyswarms.single.global_best - INFO - Optimize for 10 iters with {'c1': 0.5, 'c2': 0.3, 'w': 0.9}
2024-12-19 02:08:24,154 - pyswarms.single.global_best - INFO - Optimization finished | best cost: -0.9666776315789474, best pos: [40.8684192   0.54818851  3.44441217  2.84188744  4.73415955]
2024-12-19 11:42:59,660 - pyswarms.single.global_best - INFO - Optimize for 10 iters with {'c1': 0.5, 'c2': 0.3, 'w': 0.9}
2024-12-19 11:43:31,140 - pyswarms.single.global_best - INFO - Optimization finished | best cost: -0.9507847063310451, best pos: [7.83107194e+02 7.60907180e-01 4.32871276e+00 3.58534825e+00
 2.47090177e+00]
2024-12-19 11:49:45,245 - pyswarms.single.global_best - INFO - Optimize for 10 iters with {'c1': 0.5, 'c2': 0.3, 'w': 0.9}
2024-12-19 11:50:17,402 - pyswarms.single.global_best - INFO - Optimization finished | best cost: -0.9507847063310451, best pos: [732.12634284   0.75291071   4.92153585   3.65675994   3.83229586]
